<?xml version="1.0" encoding="UTF-8"?>
<TestRun id="6b0b3e85-2cec-4f16-a73e-de8eec0caba9" name="Juan_Giraldo@PRIJUANMG 2016-04-25 15:05:25" runUser="SATRACK\Juan_Giraldo" xmlns="http://microsoft.com/schemas/VisualStudio/TeamTest/2010">
  <TestSettings name="Local" id="dcb44387-2bc9-419f-b5e1-397ed42a52b2">
    <Description>Esta es la configuración de pruebas predeterminada para una ejecución de pruebas local.</Description>
    <Deployment enabled="false" runDeploymentRoot="Juan_Giraldo_PRIJUANMG 2016-04-25 15_05_25">
      <DeploymentItem filename="C:\Users\juan_giraldo\Desktop\Codigo\PlansAndDreams\PlansAndDreams\PlansAndDreams.Core\bin\Debug\PlansAndDreams.Core.dll" />
    </Deployment>
    <Execution>
      <TestTypeSpecific />
      <AgentRule name="Execution Agents">
      </AgentRule>
    </Execution>
  </TestSettings>
  <Times creation="2016-04-25T15:05:25.7705785-05:00" queuing="2016-04-25T15:05:30.7518634-05:00" start="2016-04-25T15:05:30.9838766-05:00" finish="2016-04-25T15:09:05.5441488-05:00" />
  <ResultSummary outcome="Error">
    <Counters total="1" executed="1" error="0" failed="0" timeout="0" aborted="1" inconclusive="0" passedButRunAborted="0" notRunnable="0" notExecuted="0" disconnected="0" warning="0" passed="0" completed="0" inProgress="0" pending="0" />
    <RunInfos>
      <RunInfo computerName="PRIJUANMG" outcome="Error" timestamp="2016-04-25T15:09:05.5431487-05:00">
        <Text>El proceso del host de pruebas terminó inesperadamente.</Text>
      </RunInfo>
    </RunInfos>
  </ResultSummary>
  <TestDefinitions>
    <UnitTest name="agregarTest" storage="c:\users\juan_giraldo\desktop\codigo\plansanddreams\plansanddreams\testproject1\bin\debug\testproject1.dll" id="024e4823-270c-9a10-8a88-85e78fbf819a">
      <Execution id="fea0a0f9-f03a-42ec-9462-c01e97022a56" />
      <TestMethod codeBase="C:/Users/juan_giraldo/Desktop/Codigo/PlansAndDreams/PlansAndDreams/TestProject1/bin/Debug/TestProject1.DLL" adapterTypeName="Microsoft.VisualStudio.TestTools.TestTypes.Unit.UnitTestAdapter, Microsoft.VisualStudio.QualityTools.Tips.UnitTest.Adapter, Version=10.0.0.0, Culture=neutral, PublicKeyToken=b03f5f7f11d50a3a" className="TestProject1.SuenoTest, TestProject1, Version=1.0.0.0, Culture=neutral, PublicKeyToken=null" name="agregarTest" />
    </UnitTest>
  </TestDefinitions>
  <TestLists>
    <TestList name="Resultados que no están en la lista" id="8c84fa94-04c1-424b-9868-57a2d4851a1d" />
    <TestList name="Todos los resultados cargados" id="19431567-8539-422a-85d7-44ee4e166bda" />
  </TestLists>
  <TestEntries>
    <TestEntry testId="024e4823-270c-9a10-8a88-85e78fbf819a" executionId="cbb3222e-b8ad-4252-bbbb-350592f513e7" testListId="8c84fa94-04c1-424b-9868-57a2d4851a1d" />
  </TestEntries>
  <Results>
    <UnitTestResult executionId="cbb3222e-b8ad-4252-bbbb-350592f513e7" testId="024e4823-270c-9a10-8a88-85e78fbf819a" testName="agregarTest" computerName="PRIJUANMG" duration="00:03:34.3492601" startTime="2016-04-25T15:05:31.1948887-05:00" endTime="2016-04-25T15:09:05.5441488-05:00" testType="13cdc9d9-ddb5-4fa4-a97d-d965ccfc6d4b" outcome="Aborted" testListId="8c84fa94-04c1-424b-9868-57a2d4851a1d" relativeResultsDirectory="cbb3222e-b8ad-4252-bbbb-350592f513e7">
    </UnitTestResult>
  </Results>
</TestRun>