<?xml version="1.0" encoding="UTF-8"?>
<TestRun id="58b28898-5947-4b1a-8ce9-4d6be277a4cb" name="Juan_Giraldo@PRIJUANMG 2016-04-26 08:38:54" runUser="SATRACK\Juan_Giraldo" xmlns="http://microsoft.com/schemas/VisualStudio/TeamTest/2010">
  <TestSettings name="Local" id="dcb44387-2bc9-419f-b5e1-397ed42a52b2">
    <Description>Esta es la configuración de pruebas predeterminada para una ejecución de pruebas local.</Description>
    <Deployment enabled="false" runDeploymentRoot="Juan_Giraldo_PRIJUANMG 2016-04-26 08_38_54">
      <DeploymentItem filename="C:\Users\juan_giraldo\Desktop\Codigo\PlansAndDreams\PlansAndDreams\packages\SpecFlow.1.9.0\lib\net35\TechTalk.SpecFlow.dll" />
      <DeploymentItem filename="C:\Users\juan_giraldo\Desktop\Codigo\PlansAndDreams\PlansAndDreams\PlansAndDreams.Core\bin\Debug\PlansAndDreams.Core.dll" />
    </Deployment>
    <Execution>
      <TestTypeSpecific />
      <AgentRule name="Execution Agents">
      </AgentRule>
    </Execution>
  </TestSettings>
  <Times creation="2016-04-26T08:38:54.4271638-05:00" queuing="2016-04-26T08:38:54.4951677-05:00" start="2016-04-26T08:38:54.5001680-05:00" finish="2016-04-26T08:38:54.8291868-05:00" />
  <ResultSummary outcome="Completed">
    <Counters total="1" executed="1" passed="1" error="0" failed="0" timeout="0" aborted="0" inconclusive="0" passedButRunAborted="0" notRunnable="0" notExecuted="0" disconnected="0" warning="0" completed="0" inProgress="0" pending="0" />
  </ResultSummary>
  <TestDefinitions>
    <UnitTest name="AddTwoNumbers" storage="c:\users\juan_giraldo\desktop\codigo\plansanddreams\plansanddreams\plansanddreams.tests\bin\debug\plansanddreams.tests.dll" id="c9392f9e-cab5-9bd7-f8cd-b413d18adfd5">
      <Description>Add two numbers</Description>
      <TestCategory>
        <TestCategoryItem TestCategory="mytag" />
      </TestCategory>
      <Execution id="598f6d37-83e6-4845-b2a8-dab93e948099" />
      <Properties>
        <Property>
          <Key>FeatureTitle</Key>
          <Value>Sueno</Value>
        </Property>
      </Properties>
      <TestMethod codeBase="C:/Users/juan_giraldo/Desktop/Codigo/PlansAndDreams/PlansAndDreams/PlansAndDreams.Tests/bin/Debug/PlansAndDreams.Tests.DLL" adapterTypeName="Microsoft.VisualStudio.TestTools.TestTypes.Unit.UnitTestAdapter, Microsoft.VisualStudio.QualityTools.Tips.UnitTest.Adapter, Version=10.0.0.0, Culture=neutral, PublicKeyToken=b03f5f7f11d50a3a" className="PlansAndDreams.Tests.Acceptance.SuenoFeature, PlansAndDreams.Tests, Version=1.0.0.0, Culture=neutral, PublicKeyToken=null" name="AddTwoNumbers" />
    </UnitTest>
  </TestDefinitions>
  <TestLists>
    <TestList name="Resultados que no están en la lista" id="8c84fa94-04c1-424b-9868-57a2d4851a1d" />
    <TestList name="Todos los resultados cargados" id="19431567-8539-422a-85d7-44ee4e166bda" />
  </TestLists>
  <TestEntries>
    <TestEntry testId="c9392f9e-cab5-9bd7-f8cd-b413d18adfd5" executionId="598f6d37-83e6-4845-b2a8-dab93e948099" testListId="8c84fa94-04c1-424b-9868-57a2d4851a1d" />
  </TestEntries>
  <Results>
    <UnitTestResult executionId="598f6d37-83e6-4845-b2a8-dab93e948099" testId="c9392f9e-cab5-9bd7-f8cd-b413d18adfd5" testName="AddTwoNumbers" computerName="PRIJUANMG" duration="00:00:00.0349556" startTime="2016-04-26T08:38:54.5031682-05:00" endTime="2016-04-26T08:38:54.8161861-05:00" testType="13cdc9d9-ddb5-4fa4-a97d-d965ccfc6d4b" outcome="Passed" testListId="8c84fa94-04c1-424b-9868-57a2d4851a1d" relativeResultsDirectory="598f6d37-83e6-4845-b2a8-dab93e948099">
      <Output>
        <StdOut>Given I have entered 50 into the calculator
-&gt; done: SuenoStepDefinition.GivenIHaveEnteredSomethingIntoTheCalculator(50) (0,0s)
And I have entered 70 into the calculator
-&gt; done: SuenoStepDefinition.GivenIHaveEnteredSomethingIntoTheCalculator(70) (0,0s)
When I press add
-&gt; done: SuenoStepDefinition.WhenIPressAdd() (0,0s)
Then the result should be 120 on the screen
-&gt; done: SuenoStepDefinition.ThenTheResultShouldBe(120) (0,0s)</StdOut>
      </Output>
    </UnitTestResult>
  </Results>
</TestRun>