<?xml version="1.0" encoding="UTF-8"?>
<TestRun id="f2207a15-233c-419f-bdfa-e5b70e050704" name="Juan_Giraldo@PRIJUANMG 2016-04-26 10:35:23" runUser="SATRACK\Juan_Giraldo" xmlns="http://microsoft.com/schemas/VisualStudio/TeamTest/2010">
  <TestSettings name="Configuración de pruebas predeterminada" id="5a6ee024-366c-4380-ae7f-b1790f4bf5ed">
    <Deployment userDeploymentRoot="C:\Users\juan_giraldo\Desktop\Codigo\PlansAndDreams\PlansAndDreams\TestResults" useDefaultDeploymentRoot="false" runDeploymentRoot="Juan_Giraldo_PRIJUANMG 2016-04-26 10_35_23" />
    <Execution>
      <TestTypeSpecific />
      <AgentRule name="Execution Agents">
      </AgentRule>
    </Execution>
  </TestSettings>
  <Times creation="2016-04-26T10:35:23.2135394-05:00" queuing="2016-04-26T10:35:23.8710769-05:00" start="2016-04-26T10:35:23.9115791-05:00" finish="2016-04-26T10:35:36.6933079-05:00" />
  <ResultSummary outcome="Completed">
    <Counters total="2" executed="2" passed="2" error="0" failed="0" timeout="0" aborted="0" inconclusive="0" passedButRunAborted="0" notRunnable="0" notExecuted="0" disconnected="0" warning="0" completed="0" inProgress="0" pending="0" />
  </ResultSummary>
  <TestDefinitions>
    <UnitTest name="agregarTest" storage="buildartifacts\plansanddreams.tests.dll" id="718aa991-0bd0-3c45-4719-33074431c9c9">
      <Execution id="749db4fb-1708-4168-8604-6f9ac08e3a64" />
      <TestMethod codeBase="C:/Users/juan_giraldo/Desktop/Codigo/PlansAndDreams/PlansAndDreams/BuildArtifacts/PlansAndDreams.Tests.DLL" adapterTypeName="Microsoft.VisualStudio.TestTools.TestTypes.Unit.UnitTestAdapter, Microsoft.VisualStudio.QualityTools.Tips.UnitTest.Adapter, Version=10.0.0.0, Culture=neutral, PublicKeyToken=b03f5f7f11d50a3a" className="PlansAndDreams.Tests.SuenoTest, PlansAndDreams.Tests, Version=1.0.0.0, Culture=neutral, PublicKeyToken=null" name="agregarTest" />
    </UnitTest>
    <UnitTest name="SuenoConComprarUnaCasa" storage="buildartifacts\plansanddreams.tests.dll" id="97f429a3-6622-009a-2058-287bee6a9987">
      <Description>Sueño con comprar una casa</Description>
      <TestCategory>
        <TestCategoryItem TestCategory="mytag" />
      </TestCategory>
      <Execution id="5517d51f-9700-4f17-844c-399a5ded158e" />
      <Properties>
        <Property>
          <Key>FeatureTitle</Key>
          <Value>VisualizarSuenos</Value>
        </Property>
      </Properties>
      <TestMethod codeBase="C:/Users/juan_giraldo/Desktop/Codigo/PlansAndDreams/PlansAndDreams/BuildArtifacts/PlansAndDreams.Tests.DLL" adapterTypeName="Microsoft.VisualStudio.TestTools.TestTypes.Unit.UnitTestAdapter, Microsoft.VisualStudio.QualityTools.Tips.UnitTest.Adapter, Version=10.0.0.0, Culture=neutral, PublicKeyToken=b03f5f7f11d50a3a" className="PlansAndDreams.Tests.Acceptance.VisualizarSuenos.VisualizarSuenosFeature, PlansAndDreams.Tests, Version=1.0.0.0, Culture=neutral, PublicKeyToken=null" name="SuenoConComprarUnaCasa" />
    </UnitTest>
  </TestDefinitions>
  <TestLists>
    <TestList name="Resultados que no están en la lista" id="8c84fa94-04c1-424b-9868-57a2d4851a1d" />
    <TestList name="Todos los resultados cargados" id="19431567-8539-422a-85d7-44ee4e166bda" />
  </TestLists>
  <TestEntries>
    <TestEntry testId="97f429a3-6622-009a-2058-287bee6a9987" executionId="5517d51f-9700-4f17-844c-399a5ded158e" testListId="8c84fa94-04c1-424b-9868-57a2d4851a1d" />
    <TestEntry testId="718aa991-0bd0-3c45-4719-33074431c9c9" executionId="749db4fb-1708-4168-8604-6f9ac08e3a64" testListId="8c84fa94-04c1-424b-9868-57a2d4851a1d" />
  </TestEntries>
  <Results>
    <UnitTestResult executionId="5517d51f-9700-4f17-844c-399a5ded158e" testId="97f429a3-6622-009a-2058-287bee6a9987" testName="SuenoConComprarUnaCasa" computerName="PRIJUANMG" duration="00:00:12.2628890" startTime="2016-04-26T10:35:23.9185795-05:00" endTime="2016-04-26T10:35:36.6328046-05:00" testType="13cdc9d9-ddb5-4fa4-a97d-d965ccfc6d4b" outcome="Passed" testListId="8c84fa94-04c1-424b-9868-57a2d4851a1d" relativeResultsDirectory="5517d51f-9700-4f17-844c-399a5ded158e">
      <Output>
        <StdOut>Given Yo ingreso a la pantalla de sueños
GivenYoIngresoALaPantallaDeSuenos
-&gt; done: VisualizadorSuenosStep.GivenYoIngresoALaPantallaDeSuenos() (10,7s)
When Yo selecciono como sueño una casa en rionegro
-&gt; done: VisualizadorSuenosStep.WhenYoSeleccionoComoSuenoUnaCasaEnRionegro() (0,2s)
Then Deberia aparecer en pantalla 120000000
-&gt; done: VisualizadorSuenosStep.ThenDeberiaAparecerEnPantalla(120000000) (1,3s)</StdOut>
      </Output>
    </UnitTestResult>
    <UnitTestResult executionId="749db4fb-1708-4168-8604-6f9ac08e3a64" testId="718aa991-0bd0-3c45-4719-33074431c9c9" testName="agregarTest" computerName="PRIJUANMG" duration="00:00:00.0034255" startTime="2016-04-26T10:35:36.6408050-05:00" endTime="2016-04-26T10:35:36.6468054-05:00" testType="13cdc9d9-ddb5-4fa4-a97d-d965ccfc6d4b" outcome="Passed" testListId="8c84fa94-04c1-424b-9868-57a2d4851a1d" relativeResultsDirectory="749db4fb-1708-4168-8604-6f9ac08e3a64">
      <Output>
        <StdOut>Sueño Agregado Exitosamente</StdOut>
      </Output>
    </UnitTestResult>
  </Results>
</TestRun>