<?xml version="1.0" encoding="UTF-8"?>
<TestRun id="8b135241-c447-4554-8557-a6590c229b2d" name="Juan_Giraldo@PRIJUANMG 2016-04-26 07:04:42" runUser="SATRACK\Juan_Giraldo" xmlns="http://microsoft.com/schemas/VisualStudio/TeamTest/2010">
  <TestSettings name="Configuración de pruebas predeterminada" id="a504e325-34bc-424d-9e06-08abca4df46f">
    <Deployment userDeploymentRoot="C:\Users\juan_giraldo\Desktop\Codigo\PlansAndDreams\PlansAndDreams\TestResults" useDefaultDeploymentRoot="false" runDeploymentRoot="Juan_Giraldo_PRIJUANMG 2016-04-26 07_04_42" />
    <Execution>
      <TestTypeSpecific />
      <AgentRule name="Execution Agents">
      </AgentRule>
    </Execution>
  </TestSettings>
  <Times creation="2016-04-26T07:04:42.6288995-05:00" queuing="2016-04-26T07:04:43.5749536-05:00" start="2016-04-26T07:04:43.6019551-05:00" finish="2016-04-26T07:04:43.9029723-05:00" />
  <ResultSummary outcome="Completed">
    <Counters total="1" executed="1" passed="1" error="0" failed="0" timeout="0" aborted="0" inconclusive="0" passedButRunAborted="0" notRunnable="0" notExecuted="0" disconnected="0" warning="0" completed="0" inProgress="0" pending="0" />
  </ResultSummary>
  <TestDefinitions>
    <UnitTest name="agregarTest" storage="buildartifacts\plansanddreams.tests.dll" id="718aa991-0bd0-3c45-4719-33074431c9c9">
      <Execution id="1eb98526-3aef-455a-a55a-87bbcf666aac" />
      <TestMethod codeBase="C:/Users/juan_giraldo/Desktop/Codigo/PlansAndDreams/PlansAndDreams/BuildArtifacts/PlansAndDreams.Tests.DLL" adapterTypeName="Microsoft.VisualStudio.TestTools.TestTypes.Unit.UnitTestAdapter, Microsoft.VisualStudio.QualityTools.Tips.UnitTest.Adapter, Version=10.0.0.0, Culture=neutral, PublicKeyToken=b03f5f7f11d50a3a" className="PlansAndDreams.Tests.SuenoTest, PlansAndDreams.Tests, Version=1.0.0.0, Culture=neutral, PublicKeyToken=null" name="agregarTest" />
    </UnitTest>
  </TestDefinitions>
  <TestLists>
    <TestList name="Resultados que no están en la lista" id="8c84fa94-04c1-424b-9868-57a2d4851a1d" />
    <TestList name="Todos los resultados cargados" id="19431567-8539-422a-85d7-44ee4e166bda" />
  </TestLists>
  <TestEntries>
    <TestEntry testId="718aa991-0bd0-3c45-4719-33074431c9c9" executionId="1eb98526-3aef-455a-a55a-87bbcf666aac" testListId="8c84fa94-04c1-424b-9868-57a2d4851a1d" />
  </TestEntries>
  <Results>
    <UnitTestResult executionId="1eb98526-3aef-455a-a55a-87bbcf666aac" testId="718aa991-0bd0-3c45-4719-33074431c9c9" testName="agregarTest" computerName="PRIJUANMG" duration="00:00:00.0121987" startTime="2016-04-26T07:04:43.6219563-05:00" endTime="2016-04-26T07:04:43.8829712-05:00" testType="13cdc9d9-ddb5-4fa4-a97d-d965ccfc6d4b" outcome="Passed" testListId="8c84fa94-04c1-424b-9868-57a2d4851a1d" relativeResultsDirectory="1eb98526-3aef-455a-a55a-87bbcf666aac">
      <Output>
        <StdOut>Sueño Agregado Exitosamente</StdOut>
      </Output>
    </UnitTestResult>
  </Results>
</TestRun>