<?xml version="1.0" encoding="UTF-8"?>
<TestRun id="a919aae2-7781-40fc-8b2b-44949d4a187a" name="stiven_londono@PRISTIVENL 2016-04-28 13:52:32" runUser="SATRACK\stiven_londono" xmlns="http://microsoft.com/schemas/VisualStudio/TeamTest/2010">
  <TestSettings name="Configuración de pruebas predeterminada" id="9df6372c-886b-4d0e-8842-0032ab26fcf5">
    <Deployment userDeploymentRoot="D:\CAPACITACION\ELITEAGILEDEVELOPER\PlansAndDreams\TestResults" useDefaultDeploymentRoot="false" runDeploymentRoot="stiven_londono_PRISTIVENL 2016-04-28 13_52_32" />
    <Execution>
      <TestTypeSpecific />
      <AgentRule name="Execution Agents">
      </AgentRule>
    </Execution>
    <Properties />
  </TestSettings>
  <Times creation="2016-04-28T13:52:32.9258452-05:00" queuing="2016-04-28T13:52:33.3427244-05:00" start="2016-04-28T13:52:33.4460919-05:00" finish="2016-04-28T13:52:39.9043108-05:00" />
  <ResultSummary outcome="Completed">
    <Counters total="2" executed="2" passed="2" error="0" failed="0" timeout="0" aborted="0" inconclusive="0" passedButRunAborted="0" notRunnable="0" notExecuted="0" disconnected="0" warning="0" completed="0" inProgress="0" pending="0" />
  </ResultSummary>
  <TestDefinitions>
    <UnitTest name="agregarTest" storage="buildartifacts\plansanddreams.tests.dll" id="718aa991-0bd0-3c45-4719-33074431c9c9">
      <Execution id="176809eb-ddbb-4ff4-8340-497520e8157a" />
      <TestMethod codeBase="D:/CAPACITACION/ELITEAGILEDEVELOPER/PlansAndDreams/BuildArtifacts/PlansAndDreams.Tests.DLL" adapterTypeName="Microsoft.VisualStudio.TestTools.TestTypes.Unit.UnitTestAdapter, Microsoft.VisualStudio.QualityTools.Tips.UnitTest.Adapter, Version=14.0.0.0, Culture=neutral, PublicKeyToken=b03f5f7f11d50a3a" className="PlansAndDreams.Tests.SuenoTest, PlansAndDreams.Tests, Version=1.0.0.0, Culture=neutral, PublicKeyToken=null" name="agregarTest" />
    </UnitTest>
    <UnitTest name="SuenoConComprarUnaCasa" storage="buildartifacts\plansanddreams.tests.dll" id="97f429a3-6622-009a-2058-287bee6a9987">
      <Description>Sueño con comprar una casa</Description>
      <TestCategory>
        <TestCategoryItem TestCategory="mytag" />
      </TestCategory>
      <Execution id="16144884-c6aa-49ca-bec6-a3d47fefbd79" />
      <Properties>
        <Property>
          <Key>FeatureTitle</Key>
          <Value>VisualizarSuenos</Value>
        </Property>
      </Properties>
      <TestMethod codeBase="D:/CAPACITACION/ELITEAGILEDEVELOPER/PlansAndDreams/BuildArtifacts/PlansAndDreams.Tests.DLL" adapterTypeName="Microsoft.VisualStudio.TestTools.TestTypes.Unit.UnitTestAdapter, Microsoft.VisualStudio.QualityTools.Tips.UnitTest.Adapter, Version=14.0.0.0, Culture=neutral, PublicKeyToken=b03f5f7f11d50a3a" className="PlansAndDreams.Tests.Acceptance.VisualizarSuenos.VisualizarSuenosFeature, PlansAndDreams.Tests, Version=1.0.0.0, Culture=neutral, PublicKeyToken=null" name="SuenoConComprarUnaCasa" />
    </UnitTest>
  </TestDefinitions>
  <TestLists>
    <TestList name="Resultados que no están en la lista" id="8c84fa94-04c1-424b-9868-57a2d4851a1d" />
    <TestList name="Todos los resultados cargados" id="19431567-8539-422a-85d7-44ee4e166bda" />
  </TestLists>
  <TestEntries>
    <TestEntry testId="97f429a3-6622-009a-2058-287bee6a9987" executionId="16144884-c6aa-49ca-bec6-a3d47fefbd79" testListId="8c84fa94-04c1-424b-9868-57a2d4851a1d" />
    <TestEntry testId="718aa991-0bd0-3c45-4719-33074431c9c9" executionId="176809eb-ddbb-4ff4-8340-497520e8157a" testListId="8c84fa94-04c1-424b-9868-57a2d4851a1d" />
  </TestEntries>
  <Results>
    <UnitTestResult executionId="16144884-c6aa-49ca-bec6-a3d47fefbd79" testId="97f429a3-6622-009a-2058-287bee6a9987" testName="SuenoConComprarUnaCasa" computerName="PRISTIVENL" duration="00:00:06.0373404" startTime="2016-04-28T13:52:33.4642896-05:00" endTime="2016-04-28T13:52:39.7621455-05:00" testType="13cdc9d9-ddb5-4fa4-a97d-d965ccfc6d4b" outcome="Passed" testListId="8c84fa94-04c1-424b-9868-57a2d4851a1d" relativeResultsDirectory="16144884-c6aa-49ca-bec6-a3d47fefbd79">
      <Output>
        <StdOut>Given Yo ingreso a la pantalla de sueños
Abre el navegador
-&gt; done: VisualizadorSuenosStep.GivenYoIngresoALaPantallaDeSuenos() (5.8s)
When Yo selecciono como sueño una casa en rionegro
Ingresa que quiere buscar.
-&gt; done: VisualizadorSuenosStep.WhenYoSeleccionoComoSuenoUnaCasaEnRionegro() (0.1s)
Then Deberia aparecer en pantalla 120000000
Cierra el browser
-&gt; done: VisualizadorSuenosStep.ThenDeberiaAparecerEnPantalla(120000000) (0.1s)</StdOut>
      </Output>
    </UnitTestResult>
    <UnitTestResult executionId="176809eb-ddbb-4ff4-8340-497520e8157a" testId="718aa991-0bd0-3c45-4719-33074431c9c9" testName="agregarTest" computerName="PRISTIVENL" duration="00:00:00.0204310" startTime="2016-04-28T13:52:39.7933992-05:00" endTime="2016-04-28T13:52:39.8417994-05:00" testType="13cdc9d9-ddb5-4fa4-a97d-d965ccfc6d4b" outcome="Passed" testListId="8c84fa94-04c1-424b-9868-57a2d4851a1d" relativeResultsDirectory="176809eb-ddbb-4ff4-8340-497520e8157a">
      <Output>
        <StdOut>Sueño Agregado Exitosamente</StdOut>
      </Output>
    </UnitTestResult>
  </Results>
</TestRun>